
2016-05-09 10:11:34
[WARN]-[Thread: main]-[net.sf.ehcache.store.disk.DiskStorageFactory.<init>()]: The index for data file /var/folders/lx/10kbjj5x5b73fn5k84nx6zlh0000gp/T/option.data is out of date, probably due to an unclean shutdown. Deleting index file /var/folders/lx/10kbjj5x5b73fn5k84nx6zlh0000gp/T/option.index

2016-05-09 10:11:41
[WARN]-[Thread: qtp490489482-34]-[com.jfinal.core.ActionHandler.handle()]: 404 Action Not Found: /t//forum

2016-05-09 10:11:41
[ERROR]-[Thread: qtp490489482-34]-[freemarker.log._Log4jLoggerFactory$Log4jLogger.error()]: Error executing FreeMarker template
FreeMarker template error:
The following has evaluated to null or missing:
==> WEB_NAME  [in template "templates/the3/_inc/_layout.html" at line 15, column 30]

----
Tip: If the failing expression is known to be legally refer to something that's sometimes null or missing, either specify a default value like myOptionalVar!myDefault, or use <#if myOptionalVar??>when-present<#else>when-missing</#if>. (These only cover the last step of the expression; to cover the whole expression, use parenthesis: (myOptionalVar.foo)!myDefault, (myOptionalVar.foo)??
----

----
FTL stack trace ("~" means nesting-related):
	- Failed at: ${WEB_NAME}  [in template "templates/the3/_inc/_layout.html" in macro "layout" at line 15, column 28]
	- Reached through: @layout  [in template "templates/the3/404.html" at line 2, column 1]
----

Java stack trace (for programmers):
----
freemarker.core.InvalidReferenceException: [... Exception message was already printed; see it above ...]
	at freemarker.core.InvalidReferenceException.getInstance(InvalidReferenceException.java:131)
	at freemarker.core.EvalUtil.coerceModelToString(EvalUtil.java:355)
	at freemarker.core.Expression.evalAndCoerceToString(Expression.java:82)
	at freemarker.core.DollarVariable.accept(DollarVariable.java:41)
	at freemarker.core.Environment.visit(Environment.java:324)
	at freemarker.core.MixedContent.accept(MixedContent.java:54)
	at freemarker.core.Environment.visit(Environment.java:324)
	at freemarker.core.Macro$Context.runMacro(Macro.java:184)
	at freemarker.core.Environment.invoke(Environment.java:701)
	at freemarker.core.UnifiedCall.accept(UnifiedCall.java:84)
	at freemarker.core.Environment.visit(Environment.java:324)
	at freemarker.core.MixedContent.accept(MixedContent.java:54)
	at freemarker.core.Environment.visit(Environment.java:324)
	at freemarker.core.Environment.process(Environment.java:302)
	at freemarker.template.Template.process(Template.java:325)
	at com.jfinal.render.FreeMarkerRender.render(FreeMarkerRender.java:145)
	at com.jfinal.core.ActionHandler.handle(ActionHandler.java:64)
	at com.jfinal.plugin.druid.DruidStatViewHandler.handle(DruidStatViewHandler.java:75)
	at io.jpress.core.JHandler.handle(JHandler.java:69)
	at com.jfinal.core.JFinalFilter.doFilter(JFinalFilter.java:72)
	at org.eclipse.jetty.servlet.ServletHandler$CachedChain.doFilter(ServletHandler.java:1307)
	at org.eclipse.jetty.servlet.ServletHandler.doHandle(ServletHandler.java:453)
	at org.eclipse.jetty.server.handler.ScopedHandler.handle(ScopedHandler.java:137)
	at org.eclipse.jetty.security.SecurityHandler.handle(SecurityHandler.java:560)
	at org.eclipse.jetty.server.session.SessionHandler.doHandle(SessionHandler.java:231)
	at org.eclipse.jetty.server.handler.ContextHandler.doHandle(ContextHandler.java:1072)
	at org.eclipse.jetty.servlet.ServletHandler.doScope(ServletHandler.java:382)
	at org.eclipse.jetty.server.session.SessionHandler.doScope(SessionHandler.java:193)
	at org.eclipse.jetty.server.handler.ContextHandler.doScope(ContextHandler.java:1006)
	at org.eclipse.jetty.server.handler.ScopedHandler.handle(ScopedHandler.java:135)
	at org.eclipse.jetty.server.handler.HandlerWrapper.handle(HandlerWrapper.java:116)
	at org.eclipse.jetty.server.Server.handle(Server.java:365)
	at org.eclipse.jetty.server.AbstractHttpConnection.handleRequest(AbstractHttpConnection.java:485)
	at org.eclipse.jetty.server.AbstractHttpConnection.headerComplete(AbstractHttpConnection.java:926)
	at org.eclipse.jetty.server.AbstractHttpConnection$RequestHandler.headerComplete(AbstractHttpConnection.java:988)
	at org.eclipse.jetty.http.HttpParser.parseNext(HttpParser.java:635)
	at org.eclipse.jetty.http.HttpParser.parseAvailable(HttpParser.java:235)
	at org.eclipse.jetty.server.AsyncHttpConnection.handle(AsyncHttpConnection.java:82)
	at org.eclipse.jetty.io.nio.SelectChannelEndPoint.handle(SelectChannelEndPoint.java:628)
	at org.eclipse.jetty.io.nio.SelectChannelEndPoint$1.run(SelectChannelEndPoint.java:52)
	at org.eclipse.jetty.util.thread.QueuedThreadPool.runJob(QueuedThreadPool.java:608)
	at org.eclipse.jetty.util.thread.QueuedThreadPool$3.run(QueuedThreadPool.java:543)
	at java.lang.Thread.run(Thread.java:695)

2016-05-09 10:11:41
[ERROR]-[Thread: qtp490489482-34]-[com.jfinal.core.JFinalFilter.doFilter()]: /forum
com.jfinal.render.RenderException: freemarker.core.InvalidReferenceException: The following has evaluated to null or missing:
==> WEB_NAME  [in template "templates/the3/_inc/_layout.html" at line 15, column 30]

----
Tip: If the failing expression is known to be legally refer to something that's sometimes null or missing, either specify a default value like myOptionalVar!myDefault, or use <#if myOptionalVar??>when-present<#else>when-missing</#if>. (These only cover the last step of the expression; to cover the whole expression, use parenthesis: (myOptionalVar.foo)!myDefault, (myOptionalVar.foo)??
----

----
FTL stack trace ("~" means nesting-related):
	- Failed at: ${WEB_NAME}  [in template "templates/the3/_inc/_layout.html" in macro "layout" at line 15, column 28]
	- Reached through: @layout  [in template "templates/the3/404.html" at line 2, column 1]
----
	at com.jfinal.render.FreeMarkerRender.render(FreeMarkerRender.java:147)
	at com.jfinal.core.ActionHandler.handle(ActionHandler.java:64)
	at com.jfinal.plugin.druid.DruidStatViewHandler.handle(DruidStatViewHandler.java:75)
	at io.jpress.core.JHandler.handle(JHandler.java:69)
	at com.jfinal.core.JFinalFilter.doFilter(JFinalFilter.java:72)
	at org.eclipse.jetty.servlet.ServletHandler$CachedChain.doFilter(ServletHandler.java:1307)
	at org.eclipse.jetty.servlet.ServletHandler.doHandle(ServletHandler.java:453)
	at org.eclipse.jetty.server.handler.ScopedHandler.handle(ScopedHandler.java:137)
	at org.eclipse.jetty.security.SecurityHandler.handle(SecurityHandler.java:560)
	at org.eclipse.jetty.server.session.SessionHandler.doHandle(SessionHandler.java:231)
	at org.eclipse.jetty.server.handler.ContextHandler.doHandle(ContextHandler.java:1072)
	at org.eclipse.jetty.servlet.ServletHandler.doScope(ServletHandler.java:382)
	at org.eclipse.jetty.server.session.SessionHandler.doScope(SessionHandler.java:193)
	at org.eclipse.jetty.server.handler.ContextHandler.doScope(ContextHandler.java:1006)
	at org.eclipse.jetty.server.handler.ScopedHandler.handle(ScopedHandler.java:135)
	at org.eclipse.jetty.server.handler.HandlerWrapper.handle(HandlerWrapper.java:116)
	at org.eclipse.jetty.server.Server.handle(Server.java:365)
	at org.eclipse.jetty.server.AbstractHttpConnection.handleRequest(AbstractHttpConnection.java:485)
	at org.eclipse.jetty.server.AbstractHttpConnection.headerComplete(AbstractHttpConnection.java:926)
	at org.eclipse.jetty.server.AbstractHttpConnection$RequestHandler.headerComplete(AbstractHttpConnection.java:988)
	at org.eclipse.jetty.http.HttpParser.parseNext(HttpParser.java:635)
	at org.eclipse.jetty.http.HttpParser.parseAvailable(HttpParser.java:235)
	at org.eclipse.jetty.server.AsyncHttpConnection.handle(AsyncHttpConnection.java:82)
	at org.eclipse.jetty.io.nio.SelectChannelEndPoint.handle(SelectChannelEndPoint.java:628)
	at org.eclipse.jetty.io.nio.SelectChannelEndPoint$1.run(SelectChannelEndPoint.java:52)
	at org.eclipse.jetty.util.thread.QueuedThreadPool.runJob(QueuedThreadPool.java:608)
	at org.eclipse.jetty.util.thread.QueuedThreadPool$3.run(QueuedThreadPool.java:543)
	at java.lang.Thread.run(Thread.java:695)
Caused by: freemarker.core.InvalidReferenceException: The following has evaluated to null or missing:
==> WEB_NAME  [in template "templates/the3/_inc/_layout.html" at line 15, column 30]

----
Tip: If the failing expression is known to be legally refer to something that's sometimes null or missing, either specify a default value like myOptionalVar!myDefault, or use <#if myOptionalVar??>when-present<#else>when-missing</#if>. (These only cover the last step of the expression; to cover the whole expression, use parenthesis: (myOptionalVar.foo)!myDefault, (myOptionalVar.foo)??
----

----
FTL stack trace ("~" means nesting-related):
	- Failed at: ${WEB_NAME}  [in template "templates/the3/_inc/_layout.html" in macro "layout" at line 15, column 28]
	- Reached through: @layout  [in template "templates/the3/404.html" at line 2, column 1]
----
	at freemarker.core.InvalidReferenceException.getInstance(InvalidReferenceException.java:131)
	at freemarker.core.EvalUtil.coerceModelToString(EvalUtil.java:355)
	at freemarker.core.Expression.evalAndCoerceToString(Expression.java:82)
	at freemarker.core.DollarVariable.accept(DollarVariable.java:41)
	at freemarker.core.Environment.visit(Environment.java:324)
	at freemarker.core.MixedContent.accept(MixedContent.java:54)
	at freemarker.core.Environment.visit(Environment.java:324)
	at freemarker.core.Macro$Context.runMacro(Macro.java:184)
	at freemarker.core.Environment.invoke(Environment.java:701)
	at freemarker.core.UnifiedCall.accept(UnifiedCall.java:84)
	at freemarker.core.Environment.visit(Environment.java:324)
	at freemarker.core.MixedContent.accept(MixedContent.java:54)
	at freemarker.core.Environment.visit(Environment.java:324)
	at freemarker.core.Environment.process(Environment.java:302)
	at freemarker.template.Template.process(Template.java:325)
	at com.jfinal.render.FreeMarkerRender.render(FreeMarkerRender.java:145)
	... 27 more

2016-05-09 10:12:27
[WARN]-[Thread: qtp490489482-38]-[com.jfinal.core.ActionHandler.handle()]: 404 Action Not Found: /t//forum

2016-05-09 10:12:27
[ERROR]-[Thread: qtp490489482-38]-[freemarker.log._Log4jLoggerFactory$Log4jLogger.error()]: Error executing FreeMarker template
FreeMarker template error:
The following has evaluated to null or missing:
==> TPATH  [in template "templates/the3/_inc/_layout.html" at line 18, column 36]

----
Tip: If the failing expression is known to be legally refer to something that's sometimes null or missing, either specify a default value like myOptionalVar!myDefault, or use <#if myOptionalVar??>when-present<#else>when-missing</#if>. (These only cover the last step of the expression; to cover the whole expression, use parenthesis: (myOptionalVar.foo)!myDefault, (myOptionalVar.foo)??
----

----
FTL stack trace ("~" means nesting-related):
	- Failed at: ${TPATH}  [in template "templates/the3/_inc/_layout.html" in macro "layout" at line 18, column 34]
	- Reached through: @layout  [in template "templates/the3/404.html" at line 2, column 1]
----

Java stack trace (for programmers):
----
freemarker.core.InvalidReferenceException: [... Exception message was already printed; see it above ...]
	at freemarker.core.InvalidReferenceException.getInstance(InvalidReferenceException.java:131)
	at freemarker.core.EvalUtil.coerceModelToString(EvalUtil.java:355)
	at freemarker.core.Expression.evalAndCoerceToString(Expression.java:82)
	at freemarker.core.DollarVariable.accept(DollarVariable.java:41)
	at freemarker.core.Environment.visit(Environment.java:324)
	at freemarker.core.MixedContent.accept(MixedContent.java:54)
	at freemarker.core.Environment.visit(Environment.java:324)
	at freemarker.core.Macro$Context.runMacro(Macro.java:184)
	at freemarker.core.Environment.invoke(Environment.java:701)
	at freemarker.core.UnifiedCall.accept(UnifiedCall.java:84)
	at freemarker.core.Environment.visit(Environment.java:324)
	at freemarker.core.MixedContent.accept(MixedContent.java:54)
	at freemarker.core.Environment.visit(Environment.java:324)
	at freemarker.core.Environment.process(Environment.java:302)
	at freemarker.template.Template.process(Template.java:325)
	at com.jfinal.render.FreeMarkerRender.render(FreeMarkerRender.java:145)
	at com.jfinal.core.ActionHandler.handle(ActionHandler.java:64)
	at com.jfinal.plugin.druid.DruidStatViewHandler.handle(DruidStatViewHandler.java:75)
	at io.jpress.core.JHandler.handle(JHandler.java:69)
	at com.jfinal.core.JFinalFilter.doFilter(JFinalFilter.java:72)
	at org.eclipse.jetty.servlet.ServletHandler$CachedChain.doFilter(ServletHandler.java:1307)
	at org.eclipse.jetty.servlet.ServletHandler.doHandle(ServletHandler.java:453)
	at org.eclipse.jetty.server.handler.ScopedHandler.handle(ScopedHandler.java:137)
	at org.eclipse.jetty.security.SecurityHandler.handle(SecurityHandler.java:560)
	at org.eclipse.jetty.server.session.SessionHandler.doHandle(SessionHandler.java:231)
	at org.eclipse.jetty.server.handler.ContextHandler.doHandle(ContextHandler.java:1072)
	at org.eclipse.jetty.servlet.ServletHandler.doScope(ServletHandler.java:382)
	at org.eclipse.jetty.server.session.SessionHandler.doScope(SessionHandler.java:193)
	at org.eclipse.jetty.server.handler.ContextHandler.doScope(ContextHandler.java:1006)
	at org.eclipse.jetty.server.handler.ScopedHandler.handle(ScopedHandler.java:135)
	at org.eclipse.jetty.server.handler.HandlerWrapper.handle(HandlerWrapper.java:116)
	at org.eclipse.jetty.server.Server.handle(Server.java:365)
	at org.eclipse.jetty.server.AbstractHttpConnection.handleRequest(AbstractHttpConnection.java:485)
	at org.eclipse.jetty.server.AbstractHttpConnection.headerComplete(AbstractHttpConnection.java:926)
	at org.eclipse.jetty.server.AbstractHttpConnection$RequestHandler.headerComplete(AbstractHttpConnection.java:988)
	at org.eclipse.jetty.http.HttpParser.parseNext(HttpParser.java:635)
	at org.eclipse.jetty.http.HttpParser.parseAvailable(HttpParser.java:235)
	at org.eclipse.jetty.server.AsyncHttpConnection.handle(AsyncHttpConnection.java:82)
	at org.eclipse.jetty.io.nio.SelectChannelEndPoint.handle(SelectChannelEndPoint.java:628)
	at org.eclipse.jetty.io.nio.SelectChannelEndPoint$1.run(SelectChannelEndPoint.java:52)
	at org.eclipse.jetty.util.thread.QueuedThreadPool.runJob(QueuedThreadPool.java:608)
	at org.eclipse.jetty.util.thread.QueuedThreadPool$3.run(QueuedThreadPool.java:543)
	at java.lang.Thread.run(Thread.java:695)

2016-05-09 10:12:27
[ERROR]-[Thread: qtp490489482-38]-[com.jfinal.core.JFinalFilter.doFilter()]: /forum
com.jfinal.render.RenderException: freemarker.core.InvalidReferenceException: The following has evaluated to null or missing:
==> TPATH  [in template "templates/the3/_inc/_layout.html" at line 18, column 36]

----
Tip: If the failing expression is known to be legally refer to something that's sometimes null or missing, either specify a default value like myOptionalVar!myDefault, or use <#if myOptionalVar??>when-present<#else>when-missing</#if>. (These only cover the last step of the expression; to cover the whole expression, use parenthesis: (myOptionalVar.foo)!myDefault, (myOptionalVar.foo)??
----

----
FTL stack trace ("~" means nesting-related):
	- Failed at: ${TPATH}  [in template "templates/the3/_inc/_layout.html" in macro "layout" at line 18, column 34]
	- Reached through: @layout  [in template "templates/the3/404.html" at line 2, column 1]
----
	at com.jfinal.render.FreeMarkerRender.render(FreeMarkerRender.java:147)
	at com.jfinal.core.ActionHandler.handle(ActionHandler.java:64)
	at com.jfinal.plugin.druid.DruidStatViewHandler.handle(DruidStatViewHandler.java:75)
	at io.jpress.core.JHandler.handle(JHandler.java:69)
	at com.jfinal.core.JFinalFilter.doFilter(JFinalFilter.java:72)
	at org.eclipse.jetty.servlet.ServletHandler$CachedChain.doFilter(ServletHandler.java:1307)
	at org.eclipse.jetty.servlet.ServletHandler.doHandle(ServletHandler.java:453)
	at org.eclipse.jetty.server.handler.ScopedHandler.handle(ScopedHandler.java:137)
	at org.eclipse.jetty.security.SecurityHandler.handle(SecurityHandler.java:560)
	at org.eclipse.jetty.server.session.SessionHandler.doHandle(SessionHandler.java:231)
	at org.eclipse.jetty.server.handler.ContextHandler.doHandle(ContextHandler.java:1072)
	at org.eclipse.jetty.servlet.ServletHandler.doScope(ServletHandler.java:382)
	at org.eclipse.jetty.server.session.SessionHandler.doScope(SessionHandler.java:193)
	at org.eclipse.jetty.server.handler.ContextHandler.doScope(ContextHandler.java:1006)
	at org.eclipse.jetty.server.handler.ScopedHandler.handle(ScopedHandler.java:135)
	at org.eclipse.jetty.server.handler.HandlerWrapper.handle(HandlerWrapper.java:116)
	at org.eclipse.jetty.server.Server.handle(Server.java:365)
	at org.eclipse.jetty.server.AbstractHttpConnection.handleRequest(AbstractHttpConnection.java:485)
	at org.eclipse.jetty.server.AbstractHttpConnection.headerComplete(AbstractHttpConnection.java:926)
	at org.eclipse.jetty.server.AbstractHttpConnection$RequestHandler.headerComplete(AbstractHttpConnection.java:988)
	at org.eclipse.jetty.http.HttpParser.parseNext(HttpParser.java:635)
	at org.eclipse.jetty.http.HttpParser.parseAvailable(HttpParser.java:235)
	at org.eclipse.jetty.server.AsyncHttpConnection.handle(AsyncHttpConnection.java:82)
	at org.eclipse.jetty.io.nio.SelectChannelEndPoint.handle(SelectChannelEndPoint.java:628)
	at org.eclipse.jetty.io.nio.SelectChannelEndPoint$1.run(SelectChannelEndPoint.java:52)
	at org.eclipse.jetty.util.thread.QueuedThreadPool.runJob(QueuedThreadPool.java:608)
	at org.eclipse.jetty.util.thread.QueuedThreadPool$3.run(QueuedThreadPool.java:543)
	at java.lang.Thread.run(Thread.java:695)
Caused by: freemarker.core.InvalidReferenceException: The following has evaluated to null or missing:
==> TPATH  [in template "templates/the3/_inc/_layout.html" at line 18, column 36]

----
Tip: If the failing expression is known to be legally refer to something that's sometimes null or missing, either specify a default value like myOptionalVar!myDefault, or use <#if myOptionalVar??>when-present<#else>when-missing</#if>. (These only cover the last step of the expression; to cover the whole expression, use parenthesis: (myOptionalVar.foo)!myDefault, (myOptionalVar.foo)??
----

----
FTL stack trace ("~" means nesting-related):
	- Failed at: ${TPATH}  [in template "templates/the3/_inc/_layout.html" in macro "layout" at line 18, column 34]
	- Reached through: @layout  [in template "templates/the3/404.html" at line 2, column 1]
----
	at freemarker.core.InvalidReferenceException.getInstance(InvalidReferenceException.java:131)
	at freemarker.core.EvalUtil.coerceModelToString(EvalUtil.java:355)
	at freemarker.core.Expression.evalAndCoerceToString(Expression.java:82)
	at freemarker.core.DollarVariable.accept(DollarVariable.java:41)
	at freemarker.core.Environment.visit(Environment.java:324)
	at freemarker.core.MixedContent.accept(MixedContent.java:54)
	at freemarker.core.Environment.visit(Environment.java:324)
	at freemarker.core.Macro$Context.runMacro(Macro.java:184)
	at freemarker.core.Environment.invoke(Environment.java:701)
	at freemarker.core.UnifiedCall.accept(UnifiedCall.java:84)
	at freemarker.core.Environment.visit(Environment.java:324)
	at freemarker.core.MixedContent.accept(MixedContent.java:54)
	at freemarker.core.Environment.visit(Environment.java:324)
	at freemarker.core.Environment.process(Environment.java:302)
	at freemarker.template.Template.process(Template.java:325)
	at com.jfinal.render.FreeMarkerRender.render(FreeMarkerRender.java:145)
	... 27 more

2016-05-09 10:12:57
[WARN]-[Thread: qtp490489482-38]-[com.jfinal.core.ActionHandler.handle()]: 404 Action Not Found: /t//forum

2016-05-09 10:12:57
[ERROR]-[Thread: qtp490489482-38]-[freemarker.log._Log4jLoggerFactory$Log4jLogger.error()]: Error executing FreeMarker template
FreeMarker template error:
The following has evaluated to null or missing:
==> TPATH  [in template "templates/the3/_inc/_layout.html" at line 18, column 36]

----
Tip: If the failing expression is known to be legally refer to something that's sometimes null or missing, either specify a default value like myOptionalVar!myDefault, or use <#if myOptionalVar??>when-present<#else>when-missing</#if>. (These only cover the last step of the expression; to cover the whole expression, use parenthesis: (myOptionalVar.foo)!myDefault, (myOptionalVar.foo)??
----

----
FTL stack trace ("~" means nesting-related):
	- Failed at: ${TPATH}  [in template "templates/the3/_inc/_layout.html" in macro "layout" at line 18, column 34]
	- Reached through: @layout  [in template "templates/the3/404.html" at line 2, column 1]
----

Java stack trace (for programmers):
----
freemarker.core.InvalidReferenceException: [... Exception message was already printed; see it above ...]
	at freemarker.core.InvalidReferenceException.getInstance(InvalidReferenceException.java:131)
	at freemarker.core.EvalUtil.coerceModelToString(EvalUtil.java:355)
	at freemarker.core.Expression.evalAndCoerceToString(Expression.java:82)
	at freemarker.core.DollarVariable.accept(DollarVariable.java:41)
	at freemarker.core.Environment.visit(Environment.java:324)
	at freemarker.core.MixedContent.accept(MixedContent.java:54)
	at freemarker.core.Environment.visit(Environment.java:324)
	at freemarker.core.Macro$Context.runMacro(Macro.java:184)
	at freemarker.core.Environment.invoke(Environment.java:701)
	at freemarker.core.UnifiedCall.accept(UnifiedCall.java:84)
	at freemarker.core.Environment.visit(Environment.java:324)
	at freemarker.core.MixedContent.accept(MixedContent.java:54)
	at freemarker.core.Environment.visit(Environment.java:324)
	at freemarker.core.Environment.process(Environment.java:302)
	at freemarker.template.Template.process(Template.java:325)
	at com.jfinal.render.FreeMarkerRender.render(FreeMarkerRender.java:145)
	at com.jfinal.core.ActionHandler.handle(ActionHandler.java:64)
	at com.jfinal.plugin.druid.DruidStatViewHandler.handle(DruidStatViewHandler.java:75)
	at io.jpress.core.JHandler.handle(JHandler.java:69)
	at com.jfinal.core.JFinalFilter.doFilter(JFinalFilter.java:72)
	at org.eclipse.jetty.servlet.ServletHandler$CachedChain.doFilter(ServletHandler.java:1307)
	at org.eclipse.jetty.servlet.ServletHandler.doHandle(ServletHandler.java:453)
	at org.eclipse.jetty.server.handler.ScopedHandler.handle(ScopedHandler.java:137)
	at org.eclipse.jetty.security.SecurityHandler.handle(SecurityHandler.java:560)
	at org.eclipse.jetty.server.session.SessionHandler.doHandle(SessionHandler.java:231)
	at org.eclipse.jetty.server.handler.ContextHandler.doHandle(ContextHandler.java:1072)
	at org.eclipse.jetty.servlet.ServletHandler.doScope(ServletHandler.java:382)
	at org.eclipse.jetty.server.session.SessionHandler.doScope(SessionHandler.java:193)
	at org.eclipse.jetty.server.handler.ContextHandler.doScope(ContextHandler.java:1006)
	at org.eclipse.jetty.server.handler.ScopedHandler.handle(ScopedHandler.java:135)
	at org.eclipse.jetty.server.handler.HandlerWrapper.handle(HandlerWrapper.java:116)
	at org.eclipse.jetty.server.Server.handle(Server.java:365)
	at org.eclipse.jetty.server.AbstractHttpConnection.handleRequest(AbstractHttpConnection.java:485)
	at org.eclipse.jetty.server.AbstractHttpConnection.headerComplete(AbstractHttpConnection.java:926)
	at org.eclipse.jetty.server.AbstractHttpConnection$RequestHandler.headerComplete(AbstractHttpConnection.java:988)
	at org.eclipse.jetty.http.HttpParser.parseNext(HttpParser.java:635)
	at org.eclipse.jetty.http.HttpParser.parseAvailable(HttpParser.java:235)
	at org.eclipse.jetty.server.AsyncHttpConnection.handle(AsyncHttpConnection.java:82)
	at org.eclipse.jetty.io.nio.SelectChannelEndPoint.handle(SelectChannelEndPoint.java:628)
	at org.eclipse.jetty.io.nio.SelectChannelEndPoint$1.run(SelectChannelEndPoint.java:52)
	at org.eclipse.jetty.util.thread.QueuedThreadPool.runJob(QueuedThreadPool.java:608)
	at org.eclipse.jetty.util.thread.QueuedThreadPool$3.run(QueuedThreadPool.java:543)
	at java.lang.Thread.run(Thread.java:695)

2016-05-09 10:12:57
[ERROR]-[Thread: qtp490489482-38]-[com.jfinal.core.JFinalFilter.doFilter()]: /forum
com.jfinal.render.RenderException: freemarker.core.InvalidReferenceException: The following has evaluated to null or missing:
==> TPATH  [in template "templates/the3/_inc/_layout.html" at line 18, column 36]

----
Tip: If the failing expression is known to be legally refer to something that's sometimes null or missing, either specify a default value like myOptionalVar!myDefault, or use <#if myOptionalVar??>when-present<#else>when-missing</#if>. (These only cover the last step of the expression; to cover the whole expression, use parenthesis: (myOptionalVar.foo)!myDefault, (myOptionalVar.foo)??
----

----
FTL stack trace ("~" means nesting-related):
	- Failed at: ${TPATH}  [in template "templates/the3/_inc/_layout.html" in macro "layout" at line 18, column 34]
	- Reached through: @layout  [in template "templates/the3/404.html" at line 2, column 1]
----
	at com.jfinal.render.FreeMarkerRender.render(FreeMarkerRender.java:147)
	at com.jfinal.core.ActionHandler.handle(ActionHandler.java:64)
	at com.jfinal.plugin.druid.DruidStatViewHandler.handle(DruidStatViewHandler.java:75)
	at io.jpress.core.JHandler.handle(JHandler.java:69)
	at com.jfinal.core.JFinalFilter.doFilter(JFinalFilter.java:72)
	at org.eclipse.jetty.servlet.ServletHandler$CachedChain.doFilter(ServletHandler.java:1307)
	at org.eclipse.jetty.servlet.ServletHandler.doHandle(ServletHandler.java:453)
	at org.eclipse.jetty.server.handler.ScopedHandler.handle(ScopedHandler.java:137)
	at org.eclipse.jetty.security.SecurityHandler.handle(SecurityHandler.java:560)
	at org.eclipse.jetty.server.session.SessionHandler.doHandle(SessionHandler.java:231)
	at org.eclipse.jetty.server.handler.ContextHandler.doHandle(ContextHandler.java:1072)
	at org.eclipse.jetty.servlet.ServletHandler.doScope(ServletHandler.java:382)
	at org.eclipse.jetty.server.session.SessionHandler.doScope(SessionHandler.java:193)
	at org.eclipse.jetty.server.handler.ContextHandler.doScope(ContextHandler.java:1006)
	at org.eclipse.jetty.server.handler.ScopedHandler.handle(ScopedHandler.java:135)
	at org.eclipse.jetty.server.handler.HandlerWrapper.handle(HandlerWrapper.java:116)
	at org.eclipse.jetty.server.Server.handle(Server.java:365)
	at org.eclipse.jetty.server.AbstractHttpConnection.handleRequest(AbstractHttpConnection.java:485)
	at org.eclipse.jetty.server.AbstractHttpConnection.headerComplete(AbstractHttpConnection.java:926)
	at org.eclipse.jetty.server.AbstractHttpConnection$RequestHandler.headerComplete(AbstractHttpConnection.java:988)
	at org.eclipse.jetty.http.HttpParser.parseNext(HttpParser.java:635)
	at org.eclipse.jetty.http.HttpParser.parseAvailable(HttpParser.java:235)
	at org.eclipse.jetty.server.AsyncHttpConnection.handle(AsyncHttpConnection.java:82)
	at org.eclipse.jetty.io.nio.SelectChannelEndPoint.handle(SelectChannelEndPoint.java:628)
	at org.eclipse.jetty.io.nio.SelectChannelEndPoint$1.run(SelectChannelEndPoint.java:52)
	at org.eclipse.jetty.util.thread.QueuedThreadPool.runJob(QueuedThreadPool.java:608)
	at org.eclipse.jetty.util.thread.QueuedThreadPool$3.run(QueuedThreadPool.java:543)
	at java.lang.Thread.run(Thread.java:695)
Caused by: freemarker.core.InvalidReferenceException: The following has evaluated to null or missing:
==> TPATH  [in template "templates/the3/_inc/_layout.html" at line 18, column 36]

----
Tip: If the failing expression is known to be legally refer to something that's sometimes null or missing, either specify a default value like myOptionalVar!myDefault, or use <#if myOptionalVar??>when-present<#else>when-missing</#if>. (These only cover the last step of the expression; to cover the whole expression, use parenthesis: (myOptionalVar.foo)!myDefault, (myOptionalVar.foo)??
----

----
FTL stack trace ("~" means nesting-related):
	- Failed at: ${TPATH}  [in template "templates/the3/_inc/_layout.html" in macro "layout" at line 18, column 34]
	- Reached through: @layout  [in template "templates/the3/404.html" at line 2, column 1]
----
	at freemarker.core.InvalidReferenceException.getInstance(InvalidReferenceException.java:131)
	at freemarker.core.EvalUtil.coerceModelToString(EvalUtil.java:355)
	at freemarker.core.Expression.evalAndCoerceToString(Expression.java:82)
	at freemarker.core.DollarVariable.accept(DollarVariable.java:41)
	at freemarker.core.Environment.visit(Environment.java:324)
	at freemarker.core.MixedContent.accept(MixedContent.java:54)
	at freemarker.core.Environment.visit(Environment.java:324)
	at freemarker.core.Macro$Context.runMacro(Macro.java:184)
	at freemarker.core.Environment.invoke(Environment.java:701)
	at freemarker.core.UnifiedCall.accept(UnifiedCall.java:84)
	at freemarker.core.Environment.visit(Environment.java:324)
	at freemarker.core.MixedContent.accept(MixedContent.java:54)
	at freemarker.core.Environment.visit(Environment.java:324)
	at freemarker.core.Environment.process(Environment.java:302)
	at freemarker.template.Template.process(Template.java:325)
	at com.jfinal.render.FreeMarkerRender.render(FreeMarkerRender.java:145)
	... 27 more

2016-05-09 10:14:50
[ERROR]-[Thread: qtp490489482-35]-[com.jfinal.core.ActionHandler.handle()]: /t/forum
com.jfinal.plugin.activerecord.ActiveRecordException: com.jfinal.plugin.activerecord.ActiveRecordException: pageNumber and pageSize must more than 0
	at com.jfinal.plugin.activerecord.Model.paginate(Model.java:310)
	at io.jpress.core.JModel.paginate(JModel.java:215)
	at io.jpress.model.Content.doPaginate(Content.java:104)
	at io.jpress.controller.front.TaxonomyController.index(TaxonomyController.java:51)
	at sun.reflect.NativeMethodAccessorImpl.invoke0(Native Method)
	at sun.reflect.NativeMethodAccessorImpl.invoke(NativeMethodAccessorImpl.java:39)
	at sun.reflect.DelegatingMethodAccessorImpl.invoke(DelegatingMethodAccessorImpl.java:25)
	at java.lang.reflect.Method.invoke(Method.java:597)
	at com.jfinal.aop.Invocation.invoke(Invocation.java:73)
	at io.jpress.interceptor.AdminInterceptor.intercept(AdminInterceptor.java:37)
	at com.jfinal.aop.Invocation.invoke(Invocation.java:67)
	at io.jpress.interceptor.JI18nInterceptor.intercept(JI18nInterceptor.java:48)
	at com.jfinal.aop.Invocation.invoke(Invocation.java:67)
	at io.jpress.interceptor.GlobalInterceptor.intercept(GlobalInterceptor.java:34)
	at com.jfinal.aop.Invocation.invoke(Invocation.java:67)
	at com.jfinal.core.ActionHandler.handle(ActionHandler.java:74)
	at com.jfinal.plugin.druid.DruidStatViewHandler.handle(DruidStatViewHandler.java:75)
	at io.jpress.core.JHandler.handle(JHandler.java:69)
	at com.jfinal.core.JFinalFilter.doFilter(JFinalFilter.java:72)
	at org.eclipse.jetty.servlet.ServletHandler$CachedChain.doFilter(ServletHandler.java:1307)
	at org.eclipse.jetty.servlet.ServletHandler.doHandle(ServletHandler.java:453)
	at org.eclipse.jetty.server.handler.ScopedHandler.handle(ScopedHandler.java:137)
	at org.eclipse.jetty.security.SecurityHandler.handle(SecurityHandler.java:560)
	at org.eclipse.jetty.server.session.SessionHandler.doHandle(SessionHandler.java:231)
	at org.eclipse.jetty.server.handler.ContextHandler.doHandle(ContextHandler.java:1072)
	at org.eclipse.jetty.servlet.ServletHandler.doScope(ServletHandler.java:382)
	at org.eclipse.jetty.server.session.SessionHandler.doScope(SessionHandler.java:193)
	at org.eclipse.jetty.server.handler.ContextHandler.doScope(ContextHandler.java:1006)
	at org.eclipse.jetty.server.handler.ScopedHandler.handle(ScopedHandler.java:135)
	at org.eclipse.jetty.server.handler.HandlerWrapper.handle(HandlerWrapper.java:116)
	at org.eclipse.jetty.server.Server.handle(Server.java:365)
	at org.eclipse.jetty.server.AbstractHttpConnection.handleRequest(AbstractHttpConnection.java:485)
	at org.eclipse.jetty.server.AbstractHttpConnection.headerComplete(AbstractHttpConnection.java:926)
	at org.eclipse.jetty.server.AbstractHttpConnection$RequestHandler.headerComplete(AbstractHttpConnection.java:988)
	at org.eclipse.jetty.http.HttpParser.parseNext(HttpParser.java:635)
	at org.eclipse.jetty.http.HttpParser.parseAvailable(HttpParser.java:235)
	at org.eclipse.jetty.server.AsyncHttpConnection.handle(AsyncHttpConnection.java:82)
	at org.eclipse.jetty.io.nio.SelectChannelEndPoint.handle(SelectChannelEndPoint.java:628)
	at org.eclipse.jetty.io.nio.SelectChannelEndPoint$1.run(SelectChannelEndPoint.java:52)
	at org.eclipse.jetty.util.thread.QueuedThreadPool.runJob(QueuedThreadPool.java:608)
	at org.eclipse.jetty.util.thread.QueuedThreadPool$3.run(QueuedThreadPool.java:543)
	at java.lang.Thread.run(Thread.java:695)
Caused by: com.jfinal.plugin.activerecord.ActiveRecordException: pageNumber and pageSize must more than 0
	at com.jfinal.plugin.activerecord.Model.doPaginate(Model.java:322)
	at com.jfinal.plugin.activerecord.Model.paginate(Model.java:308)
	... 41 more

2016-05-09 10:18:05
[ERROR]-[Thread: qtp490489482-56]-[freemarker.log._Log4jLoggerFactory$Log4jLogger.error()]: Error executing FreeMarker template
FreeMarker template error:
The following has evaluated to null or missing:
==> page  [in template "templates/the3/taxonomy_article.html" at line 7, column 24]

----
Tip: If the failing expression is known to be legally refer to something that's sometimes null or missing, either specify a default value like myOptionalVar!myDefault, or use <#if myOptionalVar??>when-present<#else>when-missing</#if>. (These only cover the last step of the expression; to cover the whole expression, use parenthesis: (myOptionalVar.foo)!myDefault, (myOptionalVar.foo)??
----

----
FTL stack trace ("~" means nesting-related):
	- Failed at: #list page.getList() as content  [in template "templates/the3/taxonomy_article.html" at line 7, column 17]
	~ Reached through: #nested  [in template "templates/the3/_inc/_layout.html" in macro "layout" at line 63, column 1]
	~ Reached through: @layout  [in template "templates/the3/taxonomy_article.html" at line 2, column 1]
----

Java stack trace (for programmers):
----
freemarker.core.InvalidReferenceException: [... Exception message was already printed; see it above ...]
	at freemarker.core.InvalidReferenceException.getInstance(InvalidReferenceException.java:131)
	at freemarker.core.UnexpectedTypeException.newDesciptionBuilder(UnexpectedTypeException.java:77)
	at freemarker.core.UnexpectedTypeException.<init>(UnexpectedTypeException.java:40)
	at freemarker.core.NonHashException.<init>(NonHashException.java:46)
	at freemarker.core.Dot._eval(Dot.java:45)
	at freemarker.core.Expression.eval(Expression.java:78)
	at freemarker.core.MethodCall._eval(MethodCall.java:55)
	at freemarker.core.Expression.eval(Expression.java:78)
	at freemarker.core.IteratorBlock.acceptWithResult(IteratorBlock.java:69)
	at freemarker.core.IteratorBlock.accept(IteratorBlock.java:64)
	at freemarker.core.Environment.visit(Environment.java:324)
	at freemarker.core.MixedContent.accept(MixedContent.java:54)
	at freemarker.core.Environment.visit(Environment.java:324)
	at freemarker.core.Environment.invokeNestedContent(Environment.java:546)
	at freemarker.core.BodyInstruction.accept(BodyInstruction.java:56)
	at freemarker.core.Environment.visit(Environment.java:324)
	at freemarker.core.MixedContent.accept(MixedContent.java:54)
	at freemarker.core.Environment.visit(Environment.java:324)
	at freemarker.core.Macro$Context.runMacro(Macro.java:184)
	at freemarker.core.Environment.invoke(Environment.java:701)
	at freemarker.core.UnifiedCall.accept(UnifiedCall.java:84)
	at freemarker.core.Environment.visit(Environment.java:324)
	at freemarker.core.MixedContent.accept(MixedContent.java:54)
	at freemarker.core.Environment.visit(Environment.java:324)
	at freemarker.core.Environment.process(Environment.java:302)
	at freemarker.template.Template.process(Template.java:325)
	at com.jfinal.render.FreeMarkerRender.render(FreeMarkerRender.java:145)
	at com.jfinal.core.ActionHandler.handle(ActionHandler.java:97)
	at com.jfinal.plugin.druid.DruidStatViewHandler.handle(DruidStatViewHandler.java:75)
	at io.jpress.core.JHandler.handle(JHandler.java:69)
	at com.jfinal.core.JFinalFilter.doFilter(JFinalFilter.java:72)
	at org.eclipse.jetty.servlet.ServletHandler$CachedChain.doFilter(ServletHandler.java:1307)
	at org.eclipse.jetty.servlet.ServletHandler.doHandle(ServletHandler.java:453)
	at org.eclipse.jetty.server.handler.ScopedHandler.handle(ScopedHandler.java:137)
	at org.eclipse.jetty.security.SecurityHandler.handle(SecurityHandler.java:560)
	at org.eclipse.jetty.server.session.SessionHandler.doHandle(SessionHandler.java:231)
	at org.eclipse.jetty.server.handler.ContextHandler.doHandle(ContextHandler.java:1072)
	at org.eclipse.jetty.servlet.ServletHandler.doScope(ServletHandler.java:382)
	at org.eclipse.jetty.server.session.SessionHandler.doScope(SessionHandler.java:193)
	at org.eclipse.jetty.server.handler.ContextHandler.doScope(ContextHandler.java:1006)
	at org.eclipse.jetty.server.handler.ScopedHandler.handle(ScopedHandler.java:135)
	at org.eclipse.jetty.server.handler.HandlerWrapper.handle(HandlerWrapper.java:116)
	at org.eclipse.jetty.server.Server.handle(Server.java:365)
	at org.eclipse.jetty.server.AbstractHttpConnection.handleRequest(AbstractHttpConnection.java:485)
	at org.eclipse.jetty.server.AbstractHttpConnection.headerComplete(AbstractHttpConnection.java:926)
	at org.eclipse.jetty.server.AbstractHttpConnection$RequestHandler.headerComplete(AbstractHttpConnection.java:988)
	at org.eclipse.jetty.http.HttpParser.parseNext(HttpParser.java:635)
	at org.eclipse.jetty.http.HttpParser.parseAvailable(HttpParser.java:235)
	at org.eclipse.jetty.server.AsyncHttpConnection.handle(AsyncHttpConnection.java:82)
	at org.eclipse.jetty.io.nio.SelectChannelEndPoint.handle(SelectChannelEndPoint.java:628)
	at org.eclipse.jetty.io.nio.SelectChannelEndPoint$1.run(SelectChannelEndPoint.java:52)
	at org.eclipse.jetty.util.thread.QueuedThreadPool.runJob(QueuedThreadPool.java:608)
	at org.eclipse.jetty.util.thread.QueuedThreadPool$3.run(QueuedThreadPool.java:543)
	at java.lang.Thread.run(Thread.java:695)

2016-05-09 10:18:05
[ERROR]-[Thread: qtp490489482-56]-[com.jfinal.core.ActionHandler.handle()]: /t/article
com.jfinal.render.RenderException: freemarker.core.InvalidReferenceException: The following has evaluated to null or missing:
==> page  [in template "templates/the3/taxonomy_article.html" at line 7, column 24]

----
Tip: If the failing expression is known to be legally refer to something that's sometimes null or missing, either specify a default value like myOptionalVar!myDefault, or use <#if myOptionalVar??>when-present<#else>when-missing</#if>. (These only cover the last step of the expression; to cover the whole expression, use parenthesis: (myOptionalVar.foo)!myDefault, (myOptionalVar.foo)??
----

----
FTL stack trace ("~" means nesting-related):
	- Failed at: #list page.getList() as content  [in template "templates/the3/taxonomy_article.html" at line 7, column 17]
	~ Reached through: #nested  [in template "templates/the3/_inc/_layout.html" in macro "layout" at line 63, column 1]
	~ Reached through: @layout  [in template "templates/the3/taxonomy_article.html" at line 2, column 1]
----
	at com.jfinal.render.FreeMarkerRender.render(FreeMarkerRender.java:147)
	at com.jfinal.core.ActionHandler.handle(ActionHandler.java:97)
	at com.jfinal.plugin.druid.DruidStatViewHandler.handle(DruidStatViewHandler.java:75)
	at io.jpress.core.JHandler.handle(JHandler.java:69)
	at com.jfinal.core.JFinalFilter.doFilter(JFinalFilter.java:72)
	at org.eclipse.jetty.servlet.ServletHandler$CachedChain.doFilter(ServletHandler.java:1307)
	at org.eclipse.jetty.servlet.ServletHandler.doHandle(ServletHandler.java:453)
	at org.eclipse.jetty.server.handler.ScopedHandler.handle(ScopedHandler.java:137)
	at org.eclipse.jetty.security.SecurityHandler.handle(SecurityHandler.java:560)
	at org.eclipse.jetty.server.session.SessionHandler.doHandle(SessionHandler.java:231)
	at org.eclipse.jetty.server.handler.ContextHandler.doHandle(ContextHandler.java:1072)
	at org.eclipse.jetty.servlet.ServletHandler.doScope(ServletHandler.java:382)
	at org.eclipse.jetty.server.session.SessionHandler.doScope(SessionHandler.java:193)
	at org.eclipse.jetty.server.handler.ContextHandler.doScope(ContextHandler.java:1006)
	at org.eclipse.jetty.server.handler.ScopedHandler.handle(ScopedHandler.java:135)
	at org.eclipse.jetty.server.handler.HandlerWrapper.handle(HandlerWrapper.java:116)
	at org.eclipse.jetty.server.Server.handle(Server.java:365)
	at org.eclipse.jetty.server.AbstractHttpConnection.handleRequest(AbstractHttpConnection.java:485)
	at org.eclipse.jetty.server.AbstractHttpConnection.headerComplete(AbstractHttpConnection.java:926)
	at org.eclipse.jetty.server.AbstractHttpConnection$RequestHandler.headerComplete(AbstractHttpConnection.java:988)
	at org.eclipse.jetty.http.HttpParser.parseNext(HttpParser.java:635)
	at org.eclipse.jetty.http.HttpParser.parseAvailable(HttpParser.java:235)
	at org.eclipse.jetty.server.AsyncHttpConnection.handle(AsyncHttpConnection.java:82)
	at org.eclipse.jetty.io.nio.SelectChannelEndPoint.handle(SelectChannelEndPoint.java:628)
	at org.eclipse.jetty.io.nio.SelectChannelEndPoint$1.run(SelectChannelEndPoint.java:52)
	at org.eclipse.jetty.util.thread.QueuedThreadPool.runJob(QueuedThreadPool.java:608)
	at org.eclipse.jetty.util.thread.QueuedThreadPool$3.run(QueuedThreadPool.java:543)
	at java.lang.Thread.run(Thread.java:695)
Caused by: freemarker.core.InvalidReferenceException: The following has evaluated to null or missing:
==> page  [in template "templates/the3/taxonomy_article.html" at line 7, column 24]

----
Tip: If the failing expression is known to be legally refer to something that's sometimes null or missing, either specify a default value like myOptionalVar!myDefault, or use <#if myOptionalVar??>when-present<#else>when-missing</#if>. (These only cover the last step of the expression; to cover the whole expression, use parenthesis: (myOptionalVar.foo)!myDefault, (myOptionalVar.foo)??
----

----
FTL stack trace ("~" means nesting-related):
	- Failed at: #list page.getList() as content  [in template "templates/the3/taxonomy_article.html" at line 7, column 17]
	~ Reached through: #nested  [in template "templates/the3/_inc/_layout.html" in macro "layout" at line 63, column 1]
	~ Reached through: @layout  [in template "templates/the3/taxonomy_article.html" at line 2, column 1]
----
	at freemarker.core.InvalidReferenceException.getInstance(InvalidReferenceException.java:131)
	at freemarker.core.UnexpectedTypeException.newDesciptionBuilder(UnexpectedTypeException.java:77)
	at freemarker.core.UnexpectedTypeException.<init>(UnexpectedTypeException.java:40)
	at freemarker.core.NonHashException.<init>(NonHashException.java:46)
	at freemarker.core.Dot._eval(Dot.java:45)
	at freemarker.core.Expression.eval(Expression.java:78)
	at freemarker.core.MethodCall._eval(MethodCall.java:55)
	at freemarker.core.Expression.eval(Expression.java:78)
	at freemarker.core.IteratorBlock.acceptWithResult(IteratorBlock.java:69)
	at freemarker.core.IteratorBlock.accept(IteratorBlock.java:64)
	at freemarker.core.Environment.visit(Environment.java:324)
	at freemarker.core.MixedContent.accept(MixedContent.java:54)
	at freemarker.core.Environment.visit(Environment.java:324)
	at freemarker.core.Environment.invokeNestedContent(Environment.java:546)
	at freemarker.core.BodyInstruction.accept(BodyInstruction.java:56)
	at freemarker.core.Environment.visit(Environment.java:324)
	at freemarker.core.MixedContent.accept(MixedContent.java:54)
	at freemarker.core.Environment.visit(Environment.java:324)
	at freemarker.core.Macro$Context.runMacro(Macro.java:184)
	at freemarker.core.Environment.invoke(Environment.java:701)
	at freemarker.core.UnifiedCall.accept(UnifiedCall.java:84)
	at freemarker.core.Environment.visit(Environment.java:324)
	at freemarker.core.MixedContent.accept(MixedContent.java:54)
	at freemarker.core.Environment.visit(Environment.java:324)
	at freemarker.core.Environment.process(Environment.java:302)
	at freemarker.template.Template.process(Template.java:325)
	at com.jfinal.render.FreeMarkerRender.render(FreeMarkerRender.java:145)
	... 27 more

2016-05-09 10:19:49
[ERROR]-[Thread: qtp490489482-94]-[freemarker.log._Log4jLoggerFactory$Log4jLogger.error()]: Error executing FreeMarker template
FreeMarker template error:
The following has evaluated to null or missing:
==> pageItems  [in template "templates/the3/_inc/_paginate.html" at line 3, column 16]

----
Tip: If the failing expression is known to be legally refer to something that's sometimes null or missing, either specify a default value like myOptionalVar!myDefault, or use <#if myOptionalVar??>when-present<#else>when-missing</#if>. (These only cover the last step of the expression; to cover the whole expression, use parenthesis: (myOptionalVar.foo)!myDefault, (myOptionalVar.foo)??
----

----
FTL stack trace ("~" means nesting-related):
	- Failed at: #list pageItems as pi  [in template "templates/the3/_inc/_paginate.html" at line 3, column 9]
	- Reached through: @pagination  [in template "templates/the3/_inc/_paginate.html" at line 1, column 1]
	- Reached through: #include "_inc/_paginate.html"  [in template "templates/the3/taxonomy_article.html" at line 29, column 17]
	~ Reached through: #nested  [in template "templates/the3/_inc/_layout.html" in macro "layout" at line 63, column 1]
	~ Reached through: @layout  [in template "templates/the3/taxonomy_article.html" at line 2, column 1]
----

Java stack trace (for programmers):
----
freemarker.core.InvalidReferenceException: [... Exception message was already printed; see it above ...]
	at freemarker.core.InvalidReferenceException.getInstance(InvalidReferenceException.java:131)
	at freemarker.core.Expression.assertNonNull(Expression.java:194)
	at freemarker.core.IteratorBlock.acceptWithResult(IteratorBlock.java:74)
	at freemarker.core.IteratorBlock.accept(IteratorBlock.java:64)
	at freemarker.core.Environment.visit(Environment.java:324)
	at freemarker.core.MixedContent.accept(MixedContent.java:54)
	at freemarker.core.Environment.visit(Environment.java:324)
	at freemarker.core.Environment$NestedElementTemplateDirectiveBody.render(Environment.java:2255)
	at io.jpress.core.render.freemarker.JTag.renderBody(JTag.java:79)
	at io.jpress.ui.freemarker.tag.TaxonomyPaginateTag.onRender(TaxonomyPaginateTag.java:113)
	at io.jpress.core.render.freemarker.JTag.execute(JTag.java:55)
	at freemarker.core.Environment.visit(Environment.java:389)
	at freemarker.core.UnifiedCall.accept(UnifiedCall.java:104)
	at freemarker.core.Environment.visit(Environment.java:324)
	at freemarker.core.Environment.include(Environment.java:2072)
	at freemarker.core.Include.accept(Include.java:167)
	at freemarker.core.Environment.visit(Environment.java:324)
	at freemarker.core.MixedContent.accept(MixedContent.java:54)
	at freemarker.core.Environment.visit(Environment.java:324)
	at freemarker.core.Environment.invokeNestedContent(Environment.java:546)
	at freemarker.core.BodyInstruction.accept(BodyInstruction.java:56)
	at freemarker.core.Environment.visit(Environment.java:324)
	at freemarker.core.MixedContent.accept(MixedContent.java:54)
	at freemarker.core.Environment.visit(Environment.java:324)
	at freemarker.core.Macro$Context.runMacro(Macro.java:184)
	at freemarker.core.Environment.invoke(Environment.java:701)
	at freemarker.core.UnifiedCall.accept(UnifiedCall.java:84)
	at freemarker.core.Environment.visit(Environment.java:324)
	at freemarker.core.MixedContent.accept(MixedContent.java:54)
	at freemarker.core.Environment.visit(Environment.java:324)
	at freemarker.core.Environment.process(Environment.java:302)
	at freemarker.template.Template.process(Template.java:325)
	at com.jfinal.render.FreeMarkerRender.render(FreeMarkerRender.java:145)
	at com.jfinal.core.ActionHandler.handle(ActionHandler.java:97)
	at com.jfinal.plugin.druid.DruidStatViewHandler.handle(DruidStatViewHandler.java:75)
	at io.jpress.core.JHandler.handle(JHandler.java:69)
	at com.jfinal.core.JFinalFilter.doFilter(JFinalFilter.java:72)
	at org.eclipse.jetty.servlet.ServletHandler$CachedChain.doFilter(ServletHandler.java:1307)
	at org.eclipse.jetty.servlet.ServletHandler.doHandle(ServletHandler.java:453)
	at org.eclipse.jetty.server.handler.ScopedHandler.handle(ScopedHandler.java:137)
	at org.eclipse.jetty.security.SecurityHandler.handle(SecurityHandler.java:560)
	at org.eclipse.jetty.server.session.SessionHandler.doHandle(SessionHandler.java:231)
	at org.eclipse.jetty.server.handler.ContextHandler.doHandle(ContextHandler.java:1072)
	at org.eclipse.jetty.servlet.ServletHandler.doScope(ServletHandler.java:382)
	at org.eclipse.jetty.server.session.SessionHandler.doScope(SessionHandler.java:193)
	at org.eclipse.jetty.server.handler.ContextHandler.doScope(ContextHandler.java:1006)
	at org.eclipse.jetty.server.handler.ScopedHandler.handle(ScopedHandler.java:135)
	at org.eclipse.jetty.server.handler.HandlerWrapper.handle(HandlerWrapper.java:116)
	at org.eclipse.jetty.server.Server.handle(Server.java:365)
	at org.eclipse.jetty.server.AbstractHttpConnection.handleRequest(AbstractHttpConnection.java:485)
	at org.eclipse.jetty.server.AbstractHttpConnection.headerComplete(AbstractHttpConnection.java:926)
	at org.eclipse.jetty.server.AbstractHttpConnection$RequestHandler.headerComplete(AbstractHttpConnection.java:988)
	at org.eclipse.jetty.http.HttpParser.parseNext(HttpParser.java:635)
	at org.eclipse.jetty.http.HttpParser.parseAvailable(HttpParser.java:235)
	at org.eclipse.jetty.server.AsyncHttpConnection.handle(AsyncHttpConnection.java:82)
	at org.eclipse.jetty.io.nio.SelectChannelEndPoint.handle(SelectChannelEndPoint.java:628)
	at org.eclipse.jetty.io.nio.SelectChannelEndPoint$1.run(SelectChannelEndPoint.java:52)
	at org.eclipse.jetty.util.thread.QueuedThreadPool.runJob(QueuedThreadPool.java:608)
	at org.eclipse.jetty.util.thread.QueuedThreadPool$3.run(QueuedThreadPool.java:543)
	at java.lang.Thread.run(Thread.java:695)

2016-05-09 10:19:49
[ERROR]-[Thread: qtp490489482-94]-[io.jpress.core.render.freemarker.JTag.renderBody()]: JTag renderBody is error!
FreeMarker template error:
The following has evaluated to null or missing:
==> pageItems  [in template "templates/the3/_inc/_paginate.html" at line 3, column 16]

----
Tip: If the failing expression is known to be legally refer to something that's sometimes null or missing, either specify a default value like myOptionalVar!myDefault, or use <#if myOptionalVar??>when-present<#else>when-missing</#if>. (These only cover the last step of the expression; to cover the whole expression, use parenthesis: (myOptionalVar.foo)!myDefault, (myOptionalVar.foo)??
----

----
FTL stack trace ("~" means nesting-related):
	- Failed at: #list pageItems as pi  [in template "templates/the3/_inc/_paginate.html" at line 3, column 9]
	- Reached through: @pagination  [in template "templates/the3/_inc/_paginate.html" at line 1, column 1]
	- Reached through: #include "_inc/_paginate.html"  [in template "templates/the3/taxonomy_article.html" at line 29, column 17]
	~ Reached through: #nested  [in template "templates/the3/_inc/_layout.html" in macro "layout" at line 63, column 1]
	~ Reached through: @layout  [in template "templates/the3/taxonomy_article.html" at line 2, column 1]
----

Java stack trace (for programmers):
----
freemarker.core.InvalidReferenceException: [... Exception message was already printed; see it above ...]
	at freemarker.core.InvalidReferenceException.getInstance(InvalidReferenceException.java:131)
	at freemarker.core.Expression.assertNonNull(Expression.java:194)
	at freemarker.core.IteratorBlock.acceptWithResult(IteratorBlock.java:74)
	at freemarker.core.IteratorBlock.accept(IteratorBlock.java:64)
	at freemarker.core.Environment.visit(Environment.java:324)
	at freemarker.core.MixedContent.accept(MixedContent.java:54)
	at freemarker.core.Environment.visit(Environment.java:324)
	at freemarker.core.Environment$NestedElementTemplateDirectiveBody.render(Environment.java:2255)
	at io.jpress.core.render.freemarker.JTag.renderBody(JTag.java:79)
	at io.jpress.ui.freemarker.tag.TaxonomyPaginateTag.onRender(TaxonomyPaginateTag.java:113)
	at io.jpress.core.render.freemarker.JTag.execute(JTag.java:55)
	at freemarker.core.Environment.visit(Environment.java:389)
	at freemarker.core.UnifiedCall.accept(UnifiedCall.java:104)
	at freemarker.core.Environment.visit(Environment.java:324)
	at freemarker.core.Environment.include(Environment.java:2072)
	at freemarker.core.Include.accept(Include.java:167)
	at freemarker.core.Environment.visit(Environment.java:324)
	at freemarker.core.MixedContent.accept(MixedContent.java:54)
	at freemarker.core.Environment.visit(Environment.java:324)
	at freemarker.core.Environment.invokeNestedContent(Environment.java:546)
	at freemarker.core.BodyInstruction.accept(BodyInstruction.java:56)
	at freemarker.core.Environment.visit(Environment.java:324)
	at freemarker.core.MixedContent.accept(MixedContent.java:54)
	at freemarker.core.Environment.visit(Environment.java:324)
	at freemarker.core.Macro$Context.runMacro(Macro.java:184)
	at freemarker.core.Environment.invoke(Environment.java:701)
	at freemarker.core.UnifiedCall.accept(UnifiedCall.java:84)
	at freemarker.core.Environment.visit(Environment.java:324)
	at freemarker.core.MixedContent.accept(MixedContent.java:54)
	at freemarker.core.Environment.visit(Environment.java:324)
	at freemarker.core.Environment.process(Environment.java:302)
	at freemarker.template.Template.process(Template.java:325)
	at com.jfinal.render.FreeMarkerRender.render(FreeMarkerRender.java:145)
	at com.jfinal.core.ActionHandler.handle(ActionHandler.java:97)
	at com.jfinal.plugin.druid.DruidStatViewHandler.handle(DruidStatViewHandler.java:75)
	at io.jpress.core.JHandler.handle(JHandler.java:69)
	at com.jfinal.core.JFinalFilter.doFilter(JFinalFilter.java:72)
	at org.eclipse.jetty.servlet.ServletHandler$CachedChain.doFilter(ServletHandler.java:1307)
	at org.eclipse.jetty.servlet.ServletHandler.doHandle(ServletHandler.java:453)
	at org.eclipse.jetty.server.handler.ScopedHandler.handle(ScopedHandler.java:137)
	at org.eclipse.jetty.security.SecurityHandler.handle(SecurityHandler.java:560)
	at org.eclipse.jetty.server.session.SessionHandler.doHandle(SessionHandler.java:231)
	at org.eclipse.jetty.server.handler.ContextHandler.doHandle(ContextHandler.java:1072)
	at org.eclipse.jetty.servlet.ServletHandler.doScope(ServletHandler.java:382)
	at org.eclipse.jetty.server.session.SessionHandler.doScope(SessionHandler.java:193)
	at org.eclipse.jetty.server.handler.ContextHandler.doScope(ContextHandler.java:1006)
	at org.eclipse.jetty.server.handler.ScopedHandler.handle(ScopedHandler.java:135)
	at org.eclipse.jetty.server.handler.HandlerWrapper.handle(HandlerWrapper.java:116)
	at org.eclipse.jetty.server.Server.handle(Server.java:365)
	at org.eclipse.jetty.server.AbstractHttpConnection.handleRequest(AbstractHttpConnection.java:485)
	at org.eclipse.jetty.server.AbstractHttpConnection.headerComplete(AbstractHttpConnection.java:926)
	at org.eclipse.jetty.server.AbstractHttpConnection$RequestHandler.headerComplete(AbstractHttpConnection.java:988)
	at org.eclipse.jetty.http.HttpParser.parseNext(HttpParser.java:635)
	at org.eclipse.jetty.http.HttpParser.parseAvailable(HttpParser.java:235)
	at org.eclipse.jetty.server.AsyncHttpConnection.handle(AsyncHttpConnection.java:82)
	at org.eclipse.jetty.io.nio.SelectChannelEndPoint.handle(SelectChannelEndPoint.java:628)
	at org.eclipse.jetty.io.nio.SelectChannelEndPoint$1.run(SelectChannelEndPoint.java:52)
	at org.eclipse.jetty.util.thread.QueuedThreadPool.runJob(QueuedThreadPool.java:608)
	at org.eclipse.jetty.util.thread.QueuedThreadPool$3.run(QueuedThreadPool.java:543)
	at java.lang.Thread.run(Thread.java:695)

2016-05-09 10:20:15
[ERROR]-[Thread: qtp490489482-56]-[freemarker.log._Log4jLoggerFactory$Log4jLogger.error()]: Error executing FreeMarker template
FreeMarker template error:
The following has evaluated to null or missing:
==> pageItems  [in template "templates/the3/_inc/_paginate.html" at line 3, column 16]

----
Tip: If the failing expression is known to be legally refer to something that's sometimes null or missing, either specify a default value like myOptionalVar!myDefault, or use <#if myOptionalVar??>when-present<#else>when-missing</#if>. (These only cover the last step of the expression; to cover the whole expression, use parenthesis: (myOptionalVar.foo)!myDefault, (myOptionalVar.foo)??
----

----
FTL stack trace ("~" means nesting-related):
	- Failed at: #list pageItems as pi  [in template "templates/the3/_inc/_paginate.html" at line 3, column 9]
	- Reached through: @pagination  [in template "templates/the3/_inc/_paginate.html" at line 1, column 1]
	- Reached through: #include "_inc/_paginate.html"  [in template "templates/the3/taxonomy_article.html" at line 29, column 17]
	~ Reached through: #nested  [in template "templates/the3/_inc/_layout.html" in macro "layout" at line 63, column 1]
	~ Reached through: @layout  [in template "templates/the3/taxonomy_article.html" at line 2, column 1]
----

Java stack trace (for programmers):
----
freemarker.core.InvalidReferenceException: [... Exception message was already printed; see it above ...]
	at freemarker.core.InvalidReferenceException.getInstance(InvalidReferenceException.java:131)
	at freemarker.core.Expression.assertNonNull(Expression.java:194)
	at freemarker.core.IteratorBlock.acceptWithResult(IteratorBlock.java:74)
	at freemarker.core.IteratorBlock.accept(IteratorBlock.java:64)
	at freemarker.core.Environment.visit(Environment.java:324)
	at freemarker.core.MixedContent.accept(MixedContent.java:54)
	at freemarker.core.Environment.visit(Environment.java:324)
	at freemarker.core.Environment$NestedElementTemplateDirectiveBody.render(Environment.java:2255)
	at io.jpress.core.render.freemarker.JTag.renderBody(JTag.java:79)
	at io.jpress.ui.freemarker.tag.TaxonomyPaginateTag.onRender(TaxonomyPaginateTag.java:113)
	at io.jpress.core.render.freemarker.JTag.execute(JTag.java:55)
	at freemarker.core.Environment.visit(Environment.java:389)
	at freemarker.core.UnifiedCall.accept(UnifiedCall.java:104)
	at freemarker.core.Environment.visit(Environment.java:324)
	at freemarker.core.Environment.include(Environment.java:2072)
	at freemarker.core.Include.accept(Include.java:167)
	at freemarker.core.Environment.visit(Environment.java:324)
	at freemarker.core.MixedContent.accept(MixedContent.java:54)
	at freemarker.core.Environment.visit(Environment.java:324)
	at freemarker.core.Environment.invokeNestedContent(Environment.java:546)
	at freemarker.core.BodyInstruction.accept(BodyInstruction.java:56)
	at freemarker.core.Environment.visit(Environment.java:324)
	at freemarker.core.MixedContent.accept(MixedContent.java:54)
	at freemarker.core.Environment.visit(Environment.java:324)
	at freemarker.core.Macro$Context.runMacro(Macro.java:184)
	at freemarker.core.Environment.invoke(Environment.java:701)
	at freemarker.core.UnifiedCall.accept(UnifiedCall.java:84)
	at freemarker.core.Environment.visit(Environment.java:324)
	at freemarker.core.MixedContent.accept(MixedContent.java:54)
	at freemarker.core.Environment.visit(Environment.java:324)
	at freemarker.core.Environment.process(Environment.java:302)
	at freemarker.template.Template.process(Template.java:325)
	at com.jfinal.render.FreeMarkerRender.render(FreeMarkerRender.java:145)
	at com.jfinal.core.ActionHandler.handle(ActionHandler.java:97)
	at com.jfinal.plugin.druid.DruidStatViewHandler.handle(DruidStatViewHandler.java:75)
	at io.jpress.core.JHandler.handle(JHandler.java:69)
	at com.jfinal.core.JFinalFilter.doFilter(JFinalFilter.java:72)
	at org.eclipse.jetty.servlet.ServletHandler$CachedChain.doFilter(ServletHandler.java:1307)
	at org.eclipse.jetty.servlet.ServletHandler.doHandle(ServletHandler.java:453)
	at org.eclipse.jetty.server.handler.ScopedHandler.handle(ScopedHandler.java:137)
	at org.eclipse.jetty.security.SecurityHandler.handle(SecurityHandler.java:560)
	at org.eclipse.jetty.server.session.SessionHandler.doHandle(SessionHandler.java:231)
	at org.eclipse.jetty.server.handler.ContextHandler.doHandle(ContextHandler.java:1072)
	at org.eclipse.jetty.servlet.ServletHandler.doScope(ServletHandler.java:382)
	at org.eclipse.jetty.server.session.SessionHandler.doScope(SessionHandler.java:193)
	at org.eclipse.jetty.server.handler.ContextHandler.doScope(ContextHandler.java:1006)
	at org.eclipse.jetty.server.handler.ScopedHandler.handle(ScopedHandler.java:135)
	at org.eclipse.jetty.server.handler.HandlerWrapper.handle(HandlerWrapper.java:116)
	at org.eclipse.jetty.server.Server.handle(Server.java:365)
	at org.eclipse.jetty.server.AbstractHttpConnection.handleRequest(AbstractHttpConnection.java:485)
	at org.eclipse.jetty.server.AbstractHttpConnection.headerComplete(AbstractHttpConnection.java:926)
	at org.eclipse.jetty.server.AbstractHttpConnection$RequestHandler.headerComplete(AbstractHttpConnection.java:988)
	at org.eclipse.jetty.http.HttpParser.parseNext(HttpParser.java:635)
	at org.eclipse.jetty.http.HttpParser.parseAvailable(HttpParser.java:235)
	at org.eclipse.jetty.server.AsyncHttpConnection.handle(AsyncHttpConnection.java:82)
	at org.eclipse.jetty.io.nio.SelectChannelEndPoint.handle(SelectChannelEndPoint.java:628)
	at org.eclipse.jetty.io.nio.SelectChannelEndPoint$1.run(SelectChannelEndPoint.java:52)
	at org.eclipse.jetty.util.thread.QueuedThreadPool.runJob(QueuedThreadPool.java:608)
	at org.eclipse.jetty.util.thread.QueuedThreadPool$3.run(QueuedThreadPool.java:543)
	at java.lang.Thread.run(Thread.java:695)

2016-05-09 10:20:15
[ERROR]-[Thread: qtp490489482-56]-[io.jpress.core.render.freemarker.JTag.renderBody()]: JTag renderBody is error!
FreeMarker template error:
The following has evaluated to null or missing:
==> pageItems  [in template "templates/the3/_inc/_paginate.html" at line 3, column 16]

----
Tip: If the failing expression is known to be legally refer to something that's sometimes null or missing, either specify a default value like myOptionalVar!myDefault, or use <#if myOptionalVar??>when-present<#else>when-missing</#if>. (These only cover the last step of the expression; to cover the whole expression, use parenthesis: (myOptionalVar.foo)!myDefault, (myOptionalVar.foo)??
----

----
FTL stack trace ("~" means nesting-related):
	- Failed at: #list pageItems as pi  [in template "templates/the3/_inc/_paginate.html" at line 3, column 9]
	- Reached through: @pagination  [in template "templates/the3/_inc/_paginate.html" at line 1, column 1]
	- Reached through: #include "_inc/_paginate.html"  [in template "templates/the3/taxonomy_article.html" at line 29, column 17]
	~ Reached through: #nested  [in template "templates/the3/_inc/_layout.html" in macro "layout" at line 63, column 1]
	~ Reached through: @layout  [in template "templates/the3/taxonomy_article.html" at line 2, column 1]
----

Java stack trace (for programmers):
----
freemarker.core.InvalidReferenceException: [... Exception message was already printed; see it above ...]
	at freemarker.core.InvalidReferenceException.getInstance(InvalidReferenceException.java:131)
	at freemarker.core.Expression.assertNonNull(Expression.java:194)
	at freemarker.core.IteratorBlock.acceptWithResult(IteratorBlock.java:74)
	at freemarker.core.IteratorBlock.accept(IteratorBlock.java:64)
	at freemarker.core.Environment.visit(Environment.java:324)
	at freemarker.core.MixedContent.accept(MixedContent.java:54)
	at freemarker.core.Environment.visit(Environment.java:324)
	at freemarker.core.Environment$NestedElementTemplateDirectiveBody.render(Environment.java:2255)
	at io.jpress.core.render.freemarker.JTag.renderBody(JTag.java:79)
	at io.jpress.ui.freemarker.tag.TaxonomyPaginateTag.onRender(TaxonomyPaginateTag.java:113)
	at io.jpress.core.render.freemarker.JTag.execute(JTag.java:55)
	at freemarker.core.Environment.visit(Environment.java:389)
	at freemarker.core.UnifiedCall.accept(UnifiedCall.java:104)
	at freemarker.core.Environment.visit(Environment.java:324)
	at freemarker.core.Environment.include(Environment.java:2072)
	at freemarker.core.Include.accept(Include.java:167)
	at freemarker.core.Environment.visit(Environment.java:324)
	at freemarker.core.MixedContent.accept(MixedContent.java:54)
	at freemarker.core.Environment.visit(Environment.java:324)
	at freemarker.core.Environment.invokeNestedContent(Environment.java:546)
	at freemarker.core.BodyInstruction.accept(BodyInstruction.java:56)
	at freemarker.core.Environment.visit(Environment.java:324)
	at freemarker.core.MixedContent.accept(MixedContent.java:54)
	at freemarker.core.Environment.visit(Environment.java:324)
	at freemarker.core.Macro$Context.runMacro(Macro.java:184)
	at freemarker.core.Environment.invoke(Environment.java:701)
	at freemarker.core.UnifiedCall.accept(UnifiedCall.java:84)
	at freemarker.core.Environment.visit(Environment.java:324)
	at freemarker.core.MixedContent.accept(MixedContent.java:54)
	at freemarker.core.Environment.visit(Environment.java:324)
	at freemarker.core.Environment.process(Environment.java:302)
	at freemarker.template.Template.process(Template.java:325)
	at com.jfinal.render.FreeMarkerRender.render(FreeMarkerRender.java:145)
	at com.jfinal.core.ActionHandler.handle(ActionHandler.java:97)
	at com.jfinal.plugin.druid.DruidStatViewHandler.handle(DruidStatViewHandler.java:75)
	at io.jpress.core.JHandler.handle(JHandler.java:69)
	at com.jfinal.core.JFinalFilter.doFilter(JFinalFilter.java:72)
	at org.eclipse.jetty.servlet.ServletHandler$CachedChain.doFilter(ServletHandler.java:1307)
	at org.eclipse.jetty.servlet.ServletHandler.doHandle(ServletHandler.java:453)
	at org.eclipse.jetty.server.handler.ScopedHandler.handle(ScopedHandler.java:137)
	at org.eclipse.jetty.security.SecurityHandler.handle(SecurityHandler.java:560)
	at org.eclipse.jetty.server.session.SessionHandler.doHandle(SessionHandler.java:231)
	at org.eclipse.jetty.server.handler.ContextHandler.doHandle(ContextHandler.java:1072)
	at org.eclipse.jetty.servlet.ServletHandler.doScope(ServletHandler.java:382)
	at org.eclipse.jetty.server.session.SessionHandler.doScope(SessionHandler.java:193)
	at org.eclipse.jetty.server.handler.ContextHandler.doScope(ContextHandler.java:1006)
	at org.eclipse.jetty.server.handler.ScopedHandler.handle(ScopedHandler.java:135)
	at org.eclipse.jetty.server.handler.HandlerWrapper.handle(HandlerWrapper.java:116)
	at org.eclipse.jetty.server.Server.handle(Server.java:365)
	at org.eclipse.jetty.server.AbstractHttpConnection.handleRequest(AbstractHttpConnection.java:485)
	at org.eclipse.jetty.server.AbstractHttpConnection.headerComplete(AbstractHttpConnection.java:926)
	at org.eclipse.jetty.server.AbstractHttpConnection$RequestHandler.headerComplete(AbstractHttpConnection.java:988)
	at org.eclipse.jetty.http.HttpParser.parseNext(HttpParser.java:635)
	at org.eclipse.jetty.http.HttpParser.parseAvailable(HttpParser.java:235)
	at org.eclipse.jetty.server.AsyncHttpConnection.handle(AsyncHttpConnection.java:82)
	at org.eclipse.jetty.io.nio.SelectChannelEndPoint.handle(SelectChannelEndPoint.java:628)
	at org.eclipse.jetty.io.nio.SelectChannelEndPoint$1.run(SelectChannelEndPoint.java:52)
	at org.eclipse.jetty.util.thread.QueuedThreadPool.runJob(QueuedThreadPool.java:608)
	at org.eclipse.jetty.util.thread.QueuedThreadPool$3.run(QueuedThreadPool.java:543)
	at java.lang.Thread.run(Thread.java:695)
